c:\users\reinh\source\repos\in2026-games-technology-coursework5\vc\asteroids\debug\vc143.pdb
c:\users\reinh\source\repos\in2026-games-technology-coursework5\vc\asteroids\debug\vc143.idb
c:\users\reinh\source\repos\in2026-games-technology-coursework5\vc\asteroids\debug\asteroid.obj
c:\users\reinh\source\repos\in2026-games-technology-coursework5\vc\asteroids\debug\asteroids.obj
c:\users\reinh\source\repos\in2026-games-technology-coursework5\vc\asteroids\debug\bullet.obj
c:\users\reinh\source\repos\in2026-games-technology-coursework5\vc\asteroids\debug\explosion.obj
c:\users\reinh\source\repos\in2026-games-technology-coursework5\vc\asteroids\debug\extralife.obj
c:\users\reinh\source\repos\in2026-games-technology-coursework5\vc\asteroids\debug\main.obj
c:\users\reinh\source\repos\in2026-games-technology-coursework5\vc\asteroids\debug\spaceship.obj
c:\users\reinh\source\repos\in2026-games-technology-coursework5\bin\asteroids.exe
c:\users\reinh\source\repos\in2026-games-technology-coursework5\vc\asteroids\debug\asteroids.pdb
c:\users\reinh\source\repos\in2026-games-technology-coursework5\vc\asteroids\debug\asteroids.ilk
c:\users\reinh\source\repos\in2026-games-technology-coursework5\vc\asteroids\debug\asteroids.tlog\cl.command.1.tlog
c:\users\reinh\source\repos\in2026-games-technology-coursework5\vc\asteroids\debug\asteroids.tlog\cl.items.tlog
c:\users\reinh\source\repos\in2026-games-technology-coursework5\vc\asteroids\debug\asteroids.tlog\cl.read.1.tlog
c:\users\reinh\source\repos\in2026-games-technology-coursework5\vc\asteroids\debug\asteroids.tlog\cl.write.1.tlog
c:\users\reinh\source\repos\in2026-games-technology-coursework5\vc\asteroids\debug\asteroids.tlog\link.command.1.tlog
c:\users\reinh\source\repos\in2026-games-technology-coursework5\vc\asteroids\debug\asteroids.tlog\link.read.1.tlog
c:\users\reinh\source\repos\in2026-games-technology-coursework5\vc\asteroids\debug\asteroids.tlog\link.secondary.1.tlog
c:\users\reinh\source\repos\in2026-games-technology-coursework5\vc\asteroids\debug\asteroids.tlog\link.write.1.tlog
